CRITICAL - 2024-11-13 15:17:23 --> Error: Undefined constant "id"
[Method: GET, Route: usuarios]
in APPPATH\Views\usuarios\index.php on line 55.
 1 SYSTEMPATH\View\View.php(234): include()
 2 SYSTEMPATH\View\View.php(237): CodeIgniter\View\View->CodeIgniter\View\{closure}()
 3 SYSTEMPATH\Common.php(1171): CodeIgniter\View\View->render('usuarios/index', [], true)
 4 APPPATH\Controllers\UsuarioController.php(24): view('usuarios/index', [...])
 5 SYSTEMPATH\CodeIgniter.php(933): App\Controllers\UsuarioController->index()
 6 SYSTEMPATH\CodeIgniter.php(509): CodeIgniter\CodeIgniter->runController(Object(App\Controllers\UsuarioController))
 7 SYSTEMPATH\CodeIgniter.php(355): CodeIgniter\CodeIgniter->handleRequest(null, Object(Config\Cache), false)
 8 SYSTEMPATH\Boot.php(325): CodeIgniter\CodeIgniter->run()
 9 SYSTEMPATH\Boot.php(67): CodeIgniter\Boot::runCodeIgniter(Object(CodeIgniter\CodeIgniter))
10 FCPATH\index.php(56): CodeIgniter\Boot::bootWeb(Object(Config\Paths))
CRITICAL - 2024-11-13 15:17:38 --> ErrorException: Undefined array key "id"
[Method: GET, Route: usuarios]
in APPPATH\Views\usuarios\index.php on line 55.
 1 APPPATH\Views\usuarios\index.php(55): CodeIgniter\Debug\Exceptions->errorHandler(2, 'Undefined array key "id"', 'C:\\laragon\\www\\fotobook\\app\\Views\\usuarios\\index.php', 55)
 2 SYSTEMPATH\View\View.php(234): include('C:\\laragon\\www\\fotobook\\app\\Views\\usuarios\\index.php')
 3 SYSTEMPATH\View\View.php(237): CodeIgniter\View\View->CodeIgniter\View\{closure}()
 4 SYSTEMPATH\Common.php(1171): CodeIgniter\View\View->render('usuarios/index', [], true)
 5 APPPATH\Controllers\UsuarioController.php(24): view('usuarios/index', [...])
 6 SYSTEMPATH\CodeIgniter.php(933): App\Controllers\UsuarioController->index()
 7 SYSTEMPATH\CodeIgniter.php(509): CodeIgniter\CodeIgniter->runController(Object(App\Controllers\UsuarioController))
 8 SYSTEMPATH\CodeIgniter.php(355): CodeIgniter\CodeIgniter->handleRequest(null, Object(Config\Cache), false)
 9 SYSTEMPATH\Boot.php(325): CodeIgniter\CodeIgniter->run()
10 SYSTEMPATH\Boot.php(67): CodeIgniter\Boot::runCodeIgniter(Object(CodeIgniter\CodeIgniter))
11 FCPATH\index.php(56): CodeIgniter\Boot::bootWeb(Object(Config\Paths))
