CRITICAL - 2024-10-14 15:34:21 --> ErrorException: Undefined variable $Iid
[Method: GET, Route: usuarios/2]
in APPPATH\Controllers\UsuarioController.php on line 29.
 1 APPPATH\Controllers\UsuarioController.php(29): CodeIgniter\Debug\Exceptions->errorHandler(2, 'Undefined variable $Iid', 'C:\\laragon\\www\\fotobook\\app\\Controllers\\UsuarioController.php', 29)
 2 SYSTEMPATH\CodeIgniter.php(933): App\Controllers\UsuarioController->show('2')
 3 SYSTEMPATH\CodeIgniter.php(509): CodeIgniter\CodeIgniter->runController(Object(App\Controllers\UsuarioController))
 4 SYSTEMPATH\CodeIgniter.php(355): CodeIgniter\CodeIgniter->handleRequest(null, Object(Config\Cache), false)
 5 SYSTEMPATH\Boot.php(325): CodeIgniter\CodeIgniter->run()
 6 SYSTEMPATH\Boot.php(67): CodeIgniter\Boot::runCodeIgniter(Object(CodeIgniter\CodeIgniter))
 7 FCPATH\index.php(56): CodeIgniter\Boot::bootWeb(Object(Config\Paths))
CRITICAL - 2024-10-14 15:35:12 --> ErrorException: Array to string conversion
[Method: GET, Route: usuarios/2]
in APPPATH\Controllers\UsuarioController.php on line 30.
 1 APPPATH\Controllers\UsuarioController.php(30): CodeIgniter\Debug\Exceptions->errorHandler(2, 'Array to string conversion', 'C:\\laragon\\www\\fotobook\\app\\Controllers\\UsuarioController.php', 30)
 2 SYSTEMPATH\CodeIgniter.php(933): App\Controllers\UsuarioController->show('2')
 3 SYSTEMPATH\CodeIgniter.php(509): CodeIgniter\CodeIgniter->runController(Object(App\Controllers\UsuarioController))
 4 SYSTEMPATH\CodeIgniter.php(355): CodeIgniter\CodeIgniter->handleRequest(null, Object(Config\Cache), false)
 5 SYSTEMPATH\Boot.php(325): CodeIgniter\CodeIgniter->run()
 6 SYSTEMPATH\Boot.php(67): CodeIgniter\Boot::runCodeIgniter(Object(CodeIgniter\CodeIgniter))
 7 FCPATH\index.php(56): CodeIgniter\Boot::bootWeb(Object(Config\Paths))
